{
  "C:\\Users\\tanil\\Documents\\Dev\\web-summary-api\\server.js": {
    "path": "C:\\Users\\tanil\\Documents\\Dev\\web-summary-api\\server.js",
    "all": false,
    "statementMap": {
      "0": {
        "start": { "line": 1, "column": 0 },
        "end": { "line": 1, "column": 29 }
      },
      "1": {
        "start": { "line": 2, "column": 0 },
        "end": { "line": 2, "column": 31 }
      },
      "2": {
        "start": { "line": 3, "column": 0 },
        "end": { "line": 3, "column": 27 }
      },
      "3": {
        "start": { "line": 4, "column": 0 },
        "end": { "line": 4, "column": 53 }
      },
      "4": {
        "start": { "line": 5, "column": 0 },
        "end": { "line": 5, "column": 0 }
      },
      "5": {
        "start": { "line": 6, "column": 0 },
        "end": { "line": 6, "column": 15 }
      },
      "6": {
        "start": { "line": 7, "column": 0 },
        "end": { "line": 7, "column": 0 }
      },
      "7": {
        "start": { "line": 8, "column": 0 },
        "end": { "line": 8, "column": 21 }
      },
      "8": {
        "start": { "line": 9, "column": 0 },
        "end": { "line": 9, "column": 37 }
      },
      "9": {
        "start": { "line": 10, "column": 0 },
        "end": { "line": 10, "column": 0 }
      },
      "10": {
        "start": { "line": 11, "column": 0 },
        "end": { "line": 11, "column": 23 }
      },
      "11": {
        "start": { "line": 12, "column": 0 },
        "end": { "line": 12, "column": 0 }
      },
      "12": {
        "start": { "line": 13, "column": 0 },
        "end": { "line": 13, "column": 38 }
      },
      "13": {
        "start": { "line": 14, "column": 0 },
        "end": { "line": 14, "column": 10 }
      },
      "14": {
        "start": { "line": 15, "column": 0 },
        "end": { "line": 15, "column": 66 }
      },
      "15": {
        "start": { "line": 16, "column": 0 },
        "end": { "line": 16, "column": 49 }
      },
      "16": {
        "start": { "line": 17, "column": 0 },
        "end": { "line": 17, "column": 72 }
      },
      "17": {
        "start": { "line": 18, "column": 0 },
        "end": { "line": 18, "column": 1 }
      },
      "18": {
        "start": { "line": 19, "column": 0 },
        "end": { "line": 19, "column": 0 }
      },
      "19": {
        "start": { "line": 20, "column": 0 },
        "end": { "line": 20, "column": 38 }
      },
      "20": {
        "start": { "line": 21, "column": 0 },
        "end": { "line": 21, "column": 0 }
      },
      "21": {
        "start": { "line": 22, "column": 0 },
        "end": { "line": 22, "column": 28 }
      },
      "22": {
        "start": { "line": 23, "column": 0 },
        "end": { "line": 23, "column": 27 }
      },
      "23": {
        "start": { "line": 24, "column": 0 },
        "end": { "line": 24, "column": 2 }
      },
      "24": {
        "start": { "line": 25, "column": 0 },
        "end": { "line": 25, "column": 0 }
      },
      "25": {
        "start": { "line": 26, "column": 0 },
        "end": { "line": 26, "column": 29 }
      },
      "26": {
        "start": { "line": 27, "column": 0 },
        "end": { "line": 27, "column": 18 }
      },
      "27": {
        "start": { "line": 28, "column": 0 },
        "end": { "line": 28, "column": 0 }
      },
      "28": {
        "start": { "line": 29, "column": 0 },
        "end": { "line": 29, "column": 38 }
      },
      "29": {
        "start": { "line": 30, "column": 0 },
        "end": { "line": 30, "column": 26 }
      },
      "30": {
        "start": { "line": 31, "column": 0 },
        "end": { "line": 31, "column": 49 }
      },
      "31": {
        "start": { "line": 32, "column": 0 },
        "end": { "line": 32, "column": 4 }
      },
      "32": {
        "start": { "line": 33, "column": 0 },
        "end": { "line": 33, "column": 1 }
      }
    },
    "s": {
      "0": 1,
      "1": 1,
      "2": 1,
      "3": 1,
      "4": 1,
      "5": 1,
      "6": 1,
      "7": 1,
      "8": 1,
      "9": 1,
      "10": 1,
      "11": 1,
      "12": 1,
      "13": 0,
      "14": 0,
      "15": 0,
      "16": 0,
      "17": 0,
      "18": 1,
      "19": 1,
      "20": 1,
      "21": 1,
      "22": 1,
      "23": 1,
      "24": 1,
      "25": 1,
      "26": 1,
      "27": 1,
      "28": 1,
      "29": 0,
      "30": 0,
      "31": 0,
      "32": 0
    },
    "branchMap": {
      "0": {
        "type": "branch",
        "line": 13,
        "loc": {
          "start": { "line": 13, "column": 37 },
          "end": { "line": 18, "column": 1 }
        },
        "locations": [
          {
            "start": { "line": 13, "column": 37 },
            "end": { "line": 18, "column": 1 }
          }
        ]
      },
      "1": {
        "type": "branch",
        "line": 29,
        "loc": {
          "start": { "line": 29, "column": 37 },
          "end": { "line": 33, "column": 1 }
        },
        "locations": [
          {
            "start": { "line": 29, "column": 37 },
            "end": { "line": 33, "column": 1 }
          }
        ]
      },
      "2": {
        "type": "branch",
        "line": 22,
        "loc": {
          "start": { "line": 22, "column": 13 },
          "end": { "line": 24, "column": 2 }
        },
        "locations": [
          {
            "start": { "line": 22, "column": 13 },
            "end": { "line": 24, "column": 2 }
          }
        ]
      }
    },
    "b": { "0": [0], "1": [0], "2": [1] },
    "fnMap": {},
    "f": {}
  },
  "C:\\Users\\tanil\\Documents\\Dev\\web-summary-api\\controllers\\summaryController.js": {
    "path": "C:\\Users\\tanil\\Documents\\Dev\\web-summary-api\\controllers\\summaryController.js",
    "all": false,
    "statementMap": {
      "0": {
        "start": { "line": 1, "column": 0 },
        "end": { "line": 1, "column": 42 }
      },
      "1": {
        "start": { "line": 2, "column": 0 },
        "end": { "line": 2, "column": 60 }
      },
      "2": {
        "start": { "line": 3, "column": 0 },
        "end": { "line": 3, "column": 56 }
      },
      "3": {
        "start": { "line": 4, "column": 0 },
        "end": { "line": 4, "column": 27 }
      },
      "4": {
        "start": { "line": 5, "column": 0 },
        "end": { "line": 5, "column": 0 }
      },
      "5": {
        "start": { "line": 6, "column": 0 },
        "end": { "line": 6, "column": 15 }
      },
      "6": {
        "start": { "line": 7, "column": 0 },
        "end": { "line": 7, "column": 67 }
      },
      "7": {
        "start": { "line": 8, "column": 0 },
        "end": { "line": 8, "column": 0 }
      },
      "8": {
        "start": { "line": 9, "column": 0 },
        "end": { "line": 9, "column": 42 }
      },
      "9": {
        "start": { "line": 10, "column": 0 },
        "end": { "line": 10, "column": 34 }
      },
      "10": {
        "start": { "line": 11, "column": 0 },
        "end": { "line": 11, "column": 0 }
      },
      "11": {
        "start": { "line": 12, "column": 0 },
        "end": { "line": 12, "column": 31 }
      },
      "12": {
        "start": { "line": 13, "column": 0 },
        "end": { "line": 13, "column": 72 }
      },
      "13": {
        "start": { "line": 14, "column": 0 },
        "end": { "line": 14, "column": 24 }
      },
      "14": {
        "start": { "line": 15, "column": 0 },
        "end": { "line": 15, "column": 43 }
      },
      "15": {
        "start": { "line": 16, "column": 0 },
        "end": { "line": 16, "column": 35 }
      },
      "16": {
        "start": { "line": 17, "column": 0 },
        "end": { "line": 17, "column": 14 }
      },
      "17": {
        "start": { "line": 18, "column": 0 },
        "end": { "line": 18, "column": 7 }
      },
      "18": {
        "start": { "line": 19, "column": 0 },
        "end": { "line": 19, "column": 25 }
      },
      "19": {
        "start": { "line": 20, "column": 0 },
        "end": { "line": 20, "column": 61 }
      },
      "20": {
        "start": { "line": 21, "column": 0 },
        "end": { "line": 21, "column": 7 }
      },
      "21": {
        "start": { "line": 22, "column": 0 },
        "end": { "line": 22, "column": 5 }
      },
      "22": {
        "start": { "line": 23, "column": 0 },
        "end": { "line": 23, "column": 10 }
      },
      "23": {
        "start": { "line": 24, "column": 0 },
        "end": { "line": 24, "column": 3 }
      },
      "24": {
        "start": { "line": 25, "column": 0 },
        "end": { "line": 25, "column": 0 }
      },
      "25": {
        "start": { "line": 26, "column": 0 },
        "end": { "line": 26, "column": 49 }
      },
      "26": {
        "start": { "line": 27, "column": 0 },
        "end": { "line": 27, "column": 109 }
      },
      "27": {
        "start": { "line": 28, "column": 0 },
        "end": { "line": 28, "column": 0 }
      },
      "28": {
        "start": { "line": 29, "column": 0 },
        "end": { "line": 29, "column": 40 }
      },
      "29": {
        "start": { "line": 30, "column": 0 },
        "end": { "line": 30, "column": 57 }
      },
      "30": {
        "start": { "line": 31, "column": 0 },
        "end": { "line": 31, "column": 75 }
      },
      "31": {
        "start": { "line": 32, "column": 0 },
        "end": { "line": 32, "column": 39 }
      },
      "32": {
        "start": { "line": 33, "column": 0 },
        "end": { "line": 33, "column": 1 }
      },
      "33": {
        "start": { "line": 34, "column": 0 },
        "end": { "line": 34, "column": 0 }
      },
      "34": {
        "start": { "line": 35, "column": 0 },
        "end": { "line": 35, "column": 50 }
      },
      "35": {
        "start": { "line": 36, "column": 0 },
        "end": { "line": 36, "column": 27 }
      },
      "36": {
        "start": { "line": 37, "column": 0 },
        "end": { "line": 37, "column": 0 }
      },
      "37": {
        "start": { "line": 38, "column": 0 },
        "end": { "line": 38, "column": 13 }
      },
      "38": {
        "start": { "line": 39, "column": 0 },
        "end": { "line": 39, "column": 69 }
      },
      "39": {
        "start": { "line": 40, "column": 0 },
        "end": { "line": 40, "column": 3 }
      },
      "40": {
        "start": { "line": 41, "column": 0 },
        "end": { "line": 41, "column": 0 }
      },
      "41": {
        "start": { "line": 42, "column": 0 },
        "end": { "line": 42, "column": 7 }
      },
      "42": {
        "start": { "line": 43, "column": 0 },
        "end": { "line": 43, "column": 58 }
      },
      "43": {
        "start": { "line": 44, "column": 0 },
        "end": { "line": 44, "column": 26 }
      },
      "44": {
        "start": { "line": 45, "column": 0 },
        "end": { "line": 45, "column": 16 }
      },
      "45": {
        "start": { "line": 46, "column": 0 },
        "end": { "line": 46, "column": 20 }
      },
      "46": {
        "start": { "line": 47, "column": 0 },
        "end": { "line": 47, "column": 15 }
      },
      "47": {
        "start": { "line": 48, "column": 0 },
        "end": { "line": 48, "column": 78 }
      },
      "48": {
        "start": { "line": 49, "column": 0 },
        "end": { "line": 49, "column": 10 }
      },
      "49": {
        "start": { "line": 50, "column": 0 },
        "end": { "line": 50, "column": 5 }
      },
      "50": {
        "start": { "line": 51, "column": 0 },
        "end": { "line": 51, "column": 0 }
      },
      "51": {
        "start": { "line": 52, "column": 0 },
        "end": { "line": 52, "column": 72 }
      },
      "52": {
        "start": { "line": 53, "column": 0 },
        "end": { "line": 53, "column": 34 }
      },
      "53": {
        "start": { "line": 54, "column": 0 },
        "end": { "line": 54, "column": 0 }
      },
      "54": {
        "start": { "line": 55, "column": 0 },
        "end": { "line": 55, "column": 26 }
      },
      "55": {
        "start": { "line": 56, "column": 0 },
        "end": { "line": 56, "column": 19 }
      },
      "56": {
        "start": { "line": 57, "column": 0 },
        "end": { "line": 57, "column": 51 }
      },
      "57": {
        "start": { "line": 58, "column": 0 },
        "end": { "line": 58, "column": 62 }
      },
      "58": {
        "start": { "line": 59, "column": 0 },
        "end": { "line": 59, "column": 3 }
      },
      "59": {
        "start": { "line": 60, "column": 0 },
        "end": { "line": 60, "column": 1 }
      },
      "60": {
        "start": { "line": 61, "column": 0 },
        "end": { "line": 61, "column": 0 }
      },
      "61": {
        "start": { "line": 62, "column": 0 },
        "end": { "line": 62, "column": 51 }
      },
      "62": {
        "start": { "line": 63, "column": 0 },
        "end": { "line": 63, "column": 26 }
      },
      "63": {
        "start": { "line": 64, "column": 0 },
        "end": { "line": 64, "column": 0 }
      },
      "64": {
        "start": { "line": 65, "column": 0 },
        "end": { "line": 65, "column": 7 }
      },
      "65": {
        "start": { "line": 66, "column": 0 },
        "end": { "line": 66, "column": 46 }
      },
      "66": {
        "start": { "line": 67, "column": 0 },
        "end": { "line": 67, "column": 30 }
      },
      "67": {
        "start": { "line": 68, "column": 0 },
        "end": { "line": 68, "column": 19 }
      },
      "68": {
        "start": { "line": 69, "column": 0 },
        "end": { "line": 69, "column": 50 }
      },
      "69": {
        "start": { "line": 70, "column": 0 },
        "end": { "line": 70, "column": 58 }
      },
      "70": {
        "start": { "line": 71, "column": 0 },
        "end": { "line": 71, "column": 3 }
      },
      "71": {
        "start": { "line": 72, "column": 0 },
        "end": { "line": 72, "column": 1 }
      }
    },
    "s": {
      "0": 1,
      "1": 1,
      "2": 1,
      "3": 1,
      "4": 1,
      "5": 1,
      "6": 1,
      "7": 1,
      "8": 1,
      "9": 0,
      "10": 0,
      "11": 0,
      "12": 0,
      "13": 0,
      "14": 0,
      "15": 0,
      "16": 0,
      "17": 0,
      "18": 0,
      "19": 0,
      "20": 0,
      "21": 0,
      "22": 0,
      "23": 0,
      "24": 0,
      "25": 0,
      "26": 0,
      "27": 0,
      "28": 0,
      "29": 0,
      "30": 0,
      "31": 0,
      "32": 1,
      "33": 1,
      "34": 1,
      "35": 0,
      "36": 0,
      "37": 0,
      "38": 0,
      "39": 0,
      "40": 0,
      "41": 0,
      "42": 0,
      "43": 0,
      "44": 0,
      "45": 0,
      "46": 0,
      "47": 0,
      "48": 0,
      "49": 0,
      "50": 0,
      "51": 0,
      "52": 0,
      "53": 0,
      "54": 0,
      "55": 0,
      "56": 0,
      "57": 0,
      "58": 1,
      "59": 1,
      "60": 1,
      "61": 1,
      "62": 2,
      "63": 2,
      "64": 2,
      "65": 2,
      "66": 1,
      "67": 1,
      "68": 1,
      "69": 1,
      "70": 1,
      "71": 1
    },
    "branchMap": {
      "0": {
        "type": "branch",
        "line": 2,
        "loc": {
          "start": { "line": 2, "column": 0 },
          "end": { "line": 2, "column": 60 }
        },
        "locations": [
          {
            "start": { "line": 2, "column": 0 },
            "end": { "line": 2, "column": 60 }
          }
        ]
      },
      "1": {
        "type": "branch",
        "line": 2,
        "loc": {
          "start": { "line": 2, "column": 0 },
          "end": { "line": 2, "column": 60 }
        },
        "locations": [
          {
            "start": { "line": 2, "column": 0 },
            "end": { "line": 2, "column": 60 }
          }
        ]
      },
      "2": {
        "type": "branch",
        "line": 2,
        "loc": {
          "start": { "line": 2, "column": 0 },
          "end": { "line": 2, "column": 60 }
        },
        "locations": [
          {
            "start": { "line": 2, "column": 0 },
            "end": { "line": 2, "column": 60 }
          }
        ]
      },
      "3": {
        "type": "branch",
        "line": 2,
        "loc": {
          "start": { "line": 2, "column": 0 },
          "end": { "line": 2, "column": 60 }
        },
        "locations": [
          {
            "start": { "line": 2, "column": 0 },
            "end": { "line": 2, "column": 60 }
          }
        ]
      },
      "4": {
        "type": "branch",
        "line": 2,
        "loc": {
          "start": { "line": 2, "column": 0 },
          "end": { "line": 2, "column": 60 }
        },
        "locations": [
          {
            "start": { "line": 2, "column": 0 },
            "end": { "line": 2, "column": 60 }
          }
        ]
      },
      "5": {
        "type": "branch",
        "line": 2,
        "loc": {
          "start": { "line": 2, "column": 0 },
          "end": { "line": 2, "column": 60 }
        },
        "locations": [
          {
            "start": { "line": 2, "column": 0 },
            "end": { "line": 2, "column": 60 }
          }
        ]
      },
      "6": {
        "type": "branch",
        "line": 2,
        "loc": {
          "start": { "line": 2, "column": 0 },
          "end": { "line": 2, "column": 60 }
        },
        "locations": [
          {
            "start": { "line": 2, "column": 0 },
            "end": { "line": 2, "column": 60 }
          }
        ]
      },
      "7": {
        "type": "branch",
        "line": 2,
        "loc": {
          "start": { "line": 2, "column": 0 },
          "end": { "line": 2, "column": 60 }
        },
        "locations": [
          {
            "start": { "line": 2, "column": 0 },
            "end": { "line": 2, "column": 60 }
          }
        ]
      },
      "8": {
        "type": "branch",
        "line": 2,
        "loc": {
          "start": { "line": 2, "column": 0 },
          "end": { "line": 2, "column": 60 }
        },
        "locations": [
          {
            "start": { "line": 2, "column": 0 },
            "end": { "line": 2, "column": 60 }
          }
        ]
      },
      "9": {
        "type": "branch",
        "line": 9,
        "loc": {
          "start": { "line": 9, "column": 23 },
          "end": { "line": 9, "column": 26 }
        },
        "locations": [
          {
            "start": { "line": 9, "column": 23 },
            "end": { "line": 9, "column": 26 }
          }
        ]
      },
      "10": {
        "type": "branch",
        "line": 35,
        "loc": {
          "start": { "line": 35, "column": 26 },
          "end": { "line": 35, "column": 29 }
        },
        "locations": [
          {
            "start": { "line": 35, "column": 26 },
            "end": { "line": 35, "column": 29 }
          }
        ]
      },
      "11": {
        "type": "branch",
        "line": 62,
        "loc": {
          "start": { "line": 62, "column": 27 },
          "end": { "line": 62, "column": 30 }
        },
        "locations": [
          {
            "start": { "line": 62, "column": 27 },
            "end": { "line": 62, "column": 30 }
          }
        ]
      },
      "12": {
        "type": "branch",
        "line": 62,
        "loc": {
          "start": { "line": 62, "column": 30 },
          "end": { "line": 70, "column": 58 }
        },
        "locations": [
          {
            "start": { "line": 62, "column": 30 },
            "end": { "line": 70, "column": 58 }
          }
        ]
      },
      "13": {
        "type": "branch",
        "line": 62,
        "loc": {
          "start": { "line": 62, "column": 45 },
          "end": { "line": 70, "column": 58 }
        },
        "locations": [
          {
            "start": { "line": 62, "column": 45 },
            "end": { "line": 70, "column": 58 }
          }
        ]
      },
      "14": {
        "type": "branch",
        "line": 62,
        "loc": {
          "start": { "line": 62, "column": 45 },
          "end": { "line": 70, "column": 58 }
        },
        "locations": [
          {
            "start": { "line": 62, "column": 45 },
            "end": { "line": 70, "column": 58 }
          }
        ]
      },
      "15": {
        "type": "branch",
        "line": 62,
        "loc": {
          "start": { "line": 62, "column": 45 },
          "end": { "line": 66, "column": 46 }
        },
        "locations": [
          {
            "start": { "line": 62, "column": 45 },
            "end": { "line": 66, "column": 46 }
          }
        ]
      },
      "16": {
        "type": "branch",
        "line": 67,
        "loc": {
          "start": { "line": 67, "column": -1 },
          "end": { "line": 67, "column": 30 }
        },
        "locations": [
          {
            "start": { "line": 67, "column": -1 },
            "end": { "line": 67, "column": 30 }
          }
        ]
      },
      "17": {
        "type": "branch",
        "line": 68,
        "loc": {
          "start": { "line": 68, "column": -1 },
          "end": { "line": 70, "column": 58 }
        },
        "locations": [
          {
            "start": { "line": 68, "column": -1 },
            "end": { "line": 70, "column": 58 }
          }
        ]
      }
    },
    "b": {
      "0": [4],
      "1": [0],
      "2": [2],
      "3": [2],
      "4": [6],
      "5": [2],
      "6": [2],
      "7": [3],
      "8": [1],
      "9": [2],
      "10": [2],
      "11": [2],
      "12": [2],
      "13": [4],
      "14": [5],
      "15": [2],
      "16": [1],
      "17": [1]
    },
    "fnMap": {
      "0": {
        "name": "asyncGeneratorStep",
        "decl": {
          "start": { "line": 2, "column": 0 },
          "end": { "line": 2, "column": 60 }
        },
        "loc": {
          "start": { "line": 2, "column": 0 },
          "end": { "line": 2, "column": 60 }
        },
        "line": 2
      },
      "1": {
        "name": "_asyncToGenerator",
        "decl": {
          "start": { "line": 2, "column": 0 },
          "end": { "line": 2, "column": 60 }
        },
        "loc": {
          "start": { "line": 2, "column": 0 },
          "end": { "line": 2, "column": 60 }
        },
        "line": 2
      },
      "2": {
        "name": "_next",
        "decl": {
          "start": { "line": 2, "column": 0 },
          "end": { "line": 2, "column": 60 }
        },
        "loc": {
          "start": { "line": 2, "column": 0 },
          "end": { "line": 2, "column": 60 }
        },
        "line": 2
      },
      "3": {
        "name": "_throw",
        "decl": {
          "start": { "line": 2, "column": 0 },
          "end": { "line": 2, "column": 60 }
        },
        "loc": {
          "start": { "line": 2, "column": 0 },
          "end": { "line": 2, "column": 60 }
        },
        "line": 2
      },
      "4": {
        "name": "_callee",
        "decl": {
          "start": { "line": 9, "column": 26 },
          "end": { "line": 32, "column": 39 }
        },
        "loc": {
          "start": { "line": 9, "column": 26 },
          "end": { "line": 32, "column": 39 }
        },
        "line": 9
      },
      "5": {
        "name": "_callee2",
        "decl": {
          "start": { "line": 35, "column": 29 },
          "end": { "line": 58, "column": 62 }
        },
        "loc": {
          "start": { "line": 35, "column": 29 },
          "end": { "line": 58, "column": 62 }
        },
        "line": 35
      },
      "6": {
        "name": "_callee3",
        "decl": {
          "start": { "line": 62, "column": 30 },
          "end": { "line": 70, "column": 58 }
        },
        "loc": {
          "start": { "line": 62, "column": 30 },
          "end": { "line": 70, "column": 58 }
        },
        "line": 62
      },
      "7": {
        "name": "_callee3$",
        "decl": {
          "start": { "line": 62, "column": 45 },
          "end": { "line": 70, "column": 58 }
        },
        "loc": {
          "start": { "line": 62, "column": 45 },
          "end": { "line": 70, "column": 58 }
        },
        "line": 62
      }
    },
    "f": { "0": 4, "1": 6, "2": 3, "3": 1, "4": 0, "5": 0, "6": 2, "7": 4 }
  },
  "C:\\Users\\tanil\\Documents\\Dev\\web-summary-api\\models\\Summary.js": {
    "path": "C:\\Users\\tanil\\Documents\\Dev\\web-summary-api\\models\\Summary.js",
    "all": false,
    "statementMap": {
      "0": {
        "start": { "line": 1, "column": 0 },
        "end": { "line": 1, "column": 31 }
      },
      "1": {
        "start": { "line": 2, "column": 0 },
        "end": { "line": 2, "column": 0 }
      },
      "2": {
        "start": { "line": 3, "column": 0 },
        "end": { "line": 3, "column": 42 }
      },
      "3": {
        "start": { "line": 4, "column": 0 },
        "end": { "line": 4, "column": 3 }
      },
      "4": {
        "start": { "line": 5, "column": 0 },
        "end": { "line": 5, "column": 54 }
      },
      "5": {
        "start": { "line": 6, "column": 0 },
        "end": { "line": 6, "column": 45 }
      },
      "6": {
        "start": { "line": 7, "column": 0 },
        "end": { "line": 7, "column": 47 }
      },
      "7": {
        "start": { "line": 8, "column": 0 },
        "end": { "line": 8, "column": 51 }
      },
      "8": {
        "start": { "line": 9, "column": 0 },
        "end": { "line": 9, "column": 4 }
      },
      "9": {
        "start": { "line": 10, "column": 0 },
        "end": { "line": 10, "column": 41 }
      },
      "10": {
        "start": { "line": 11, "column": 0 },
        "end": { "line": 11, "column": 1 }
      },
      "11": {
        "start": { "line": 12, "column": 0 },
        "end": { "line": 12, "column": 0 }
      },
      "12": {
        "start": { "line": 13, "column": 0 },
        "end": { "line": 13, "column": 29 }
      },
      "13": {
        "start": { "line": 14, "column": 0 },
        "end": { "line": 14, "column": 28 }
      },
      "14": {
        "start": { "line": 15, "column": 0 },
        "end": { "line": 15, "column": 18 }
      },
      "15": {
        "start": { "line": 16, "column": 0 },
        "end": { "line": 16, "column": 14 }
      },
      "16": {
        "start": { "line": 17, "column": 0 },
        "end": { "line": 17, "column": 3 }
      },
      "17": {
        "start": { "line": 18, "column": 0 },
        "end": { "line": 18, "column": 2 }
      },
      "18": {
        "start": { "line": 19, "column": 0 },
        "end": { "line": 19, "column": 0 }
      },
      "19": {
        "start": { "line": 20, "column": 0 },
        "end": { "line": 20, "column": 55 }
      }
    },
    "s": {
      "0": 1,
      "1": 1,
      "2": 1,
      "3": 1,
      "4": 1,
      "5": 1,
      "6": 1,
      "7": 1,
      "8": 1,
      "9": 1,
      "10": 1,
      "11": 1,
      "12": 1,
      "13": 1,
      "14": 1,
      "15": 1,
      "16": 1,
      "17": 1,
      "18": 1,
      "19": 1
    },
    "branchMap": {
      "0": {
        "type": "branch",
        "line": 14,
        "loc": {
          "start": { "line": 14, "column": 13 },
          "end": { "line": 17, "column": 3 }
        },
        "locations": [
          {
            "start": { "line": 14, "column": 13 },
            "end": { "line": 17, "column": 3 }
          }
        ]
      }
    },
    "b": { "0": [1] },
    "fnMap": {
      "0": {
        "name": "transform",
        "decl": {
          "start": { "line": 14, "column": 13 },
          "end": { "line": 17, "column": 3 }
        },
        "loc": {
          "start": { "line": 14, "column": 13 },
          "end": { "line": 17, "column": 3 }
        },
        "line": 14
      }
    },
    "f": { "0": 1 }
  },
  "C:\\Users\\tanil\\Documents\\Dev\\web-summary-api\\routes\\summaryRoutes.js": {
    "path": "C:\\Users\\tanil\\Documents\\Dev\\web-summary-api\\routes\\summaryRoutes.js",
    "all": false,
    "statementMap": {
      "0": {
        "start": { "line": 1, "column": 0 },
        "end": { "line": 1, "column": 29 }
      },
      "1": {
        "start": { "line": 2, "column": 0 },
        "end": { "line": 2, "column": 8 }
      },
      "2": {
        "start": { "line": 3, "column": 0 },
        "end": { "line": 3, "column": 16 }
      },
      "3": {
        "start": { "line": 4, "column": 0 },
        "end": { "line": 4, "column": 16 }
      },
      "4": {
        "start": { "line": 5, "column": 0 },
        "end": { "line": 5, "column": 44 }
      },
      "5": {
        "start": { "line": 6, "column": 0 },
        "end": { "line": 6, "column": 0 }
      },
      "6": {
        "start": { "line": 7, "column": 0 },
        "end": { "line": 7, "column": 31 }
      },
      "7": {
        "start": { "line": 8, "column": 0 },
        "end": { "line": 8, "column": 0 }
      },
      "8": {
        "start": { "line": 9, "column": 0 },
        "end": { "line": 9, "column": 32 }
      },
      "9": {
        "start": { "line": 10, "column": 0 },
        "end": { "line": 10, "column": 31 }
      },
      "10": {
        "start": { "line": 11, "column": 0 },
        "end": { "line": 11, "column": 0 }
      },
      "11": {
        "start": { "line": 12, "column": 0 },
        "end": { "line": 12, "column": 29 }
      },
      "12": {
        "start": { "line": 13, "column": 0 },
        "end": { "line": 13, "column": 34 }
      },
      "13": {
        "start": { "line": 14, "column": 0 },
        "end": { "line": 14, "column": 0 }
      },
      "14": {
        "start": { "line": 15, "column": 0 },
        "end": { "line": 15, "column": 21 }
      }
    },
    "s": {
      "0": 1,
      "1": 1,
      "2": 1,
      "3": 1,
      "4": 1,
      "5": 1,
      "6": 1,
      "7": 1,
      "8": 1,
      "9": 1,
      "10": 1,
      "11": 1,
      "12": 1,
      "13": 1,
      "14": 1
    },
    "branchMap": {},
    "b": {},
    "fnMap": {},
    "f": {}
  },
  "C:\\Users\\tanil\\Documents\\Dev\\web-summary-api\\services\\openAiService.js": {
    "path": "C:\\Users\\tanil\\Documents\\Dev\\web-summary-api\\services\\openAiService.js",
    "all": false,
    "statementMap": {
      "0": {
        "start": { "line": 1, "column": 0 },
        "end": { "line": 1, "column": 27 }
      },
      "1": {
        "start": { "line": 2, "column": 0 },
        "end": { "line": 2, "column": 0 }
      },
      "2": {
        "start": { "line": 3, "column": 0 },
        "end": { "line": 3, "column": 21 }
      },
      "3": {
        "start": { "line": 4, "column": 0 },
        "end": { "line": 4, "column": 23 }
      },
      "4": {
        "start": { "line": 5, "column": 0 },
        "end": { "line": 5, "column": 47 }
      },
      "5": {
        "start": { "line": 6, "column": 0 },
        "end": { "line": 6, "column": 3 }
      },
      "6": {
        "start": { "line": 7, "column": 0 },
        "end": { "line": 7, "column": 0 }
      },
      "7": {
        "start": { "line": 8, "column": 0 },
        "end": { "line": 8, "column": 29 }
      },
      "8": {
        "start": { "line": 9, "column": 0 },
        "end": { "line": 9, "column": 9 }
      },
      "9": {
        "start": { "line": 10, "column": 0 },
        "end": { "line": 10, "column": 77 }
      },
      "10": {
        "start": { "line": 11, "column": 0 },
        "end": { "line": 11, "column": 66 }
      },
      "11": {
        "start": { "line": 12, "column": 0 },
        "end": { "line": 12, "column": 23 }
      },
      "12": {
        "start": { "line": 13, "column": 0 },
        "end": { "line": 13, "column": 19 }
      },
      "13": {
        "start": { "line": 14, "column": 0 },
        "end": { "line": 14, "column": 11 }
      },
      "14": {
        "start": { "line": 15, "column": 0 },
        "end": { "line": 15, "column": 25 }
      },
      "15": {
        "start": { "line": 16, "column": 0 },
        "end": { "line": 16, "column": 27 }
      },
      "16": {
        "start": { "line": 17, "column": 0 },
        "end": { "line": 17, "column": 11 }
      },
      "17": {
        "start": { "line": 18, "column": 0 },
        "end": { "line": 18, "column": 10 }
      },
      "18": {
        "start": { "line": 19, "column": 0 },
        "end": { "line": 19, "column": 23 }
      },
      "19": {
        "start": { "line": 20, "column": 0 },
        "end": { "line": 20, "column": 8 }
      },
      "20": {
        "start": { "line": 21, "column": 0 },
        "end": { "line": 21, "column": 0 }
      },
      "21": {
        "start": { "line": 22, "column": 0 },
        "end": { "line": 22, "column": 55 }
      },
      "22": {
        "start": { "line": 23, "column": 0 },
        "end": { "line": 23, "column": 21 }
      },
      "23": {
        "start": { "line": 24, "column": 0 },
        "end": { "line": 24, "column": 60 }
      },
      "24": {
        "start": { "line": 25, "column": 0 },
        "end": { "line": 25, "column": 39 }
      },
      "25": {
        "start": { "line": 26, "column": 0 },
        "end": { "line": 26, "column": 5 }
      },
      "26": {
        "start": { "line": 27, "column": 0 },
        "end": { "line": 27, "column": 3 }
      },
      "27": {
        "start": { "line": 28, "column": 0 },
        "end": { "line": 28, "column": 1 }
      },
      "28": {
        "start": { "line": 29, "column": 0 },
        "end": { "line": 29, "column": 0 }
      },
      "29": {
        "start": { "line": 30, "column": 0 },
        "end": { "line": 30, "column": 28 }
      }
    },
    "s": {
      "0": 1,
      "1": 2,
      "2": 1,
      "3": 2,
      "4": 2,
      "5": 2,
      "6": 2,
      "7": 1,
      "8": 0,
      "9": 0,
      "10": 0,
      "11": 0,
      "12": 0,
      "13": 0,
      "14": 0,
      "15": 0,
      "16": 0,
      "17": 0,
      "18": 0,
      "19": 0,
      "20": 0,
      "21": 0,
      "22": 0,
      "23": 0,
      "24": 0,
      "25": 1,
      "26": 1,
      "27": 1,
      "28": 1,
      "29": 1
    },
    "branchMap": {
      "0": {
        "type": "branch",
        "line": 2,
        "loc": {
          "start": { "line": 2, "column": -1 },
          "end": { "line": 2, "column": 0 }
        },
        "locations": [
          {
            "start": { "line": 2, "column": -1 },
            "end": { "line": 2, "column": 0 }
          }
        ]
      },
      "1": {
        "type": "branch",
        "line": 3,
        "loc": {
          "start": { "line": 3, "column": 19 },
          "end": { "line": 8, "column": 19 }
        },
        "locations": [
          {
            "start": { "line": 3, "column": 19 },
            "end": { "line": 8, "column": 19 }
          }
        ]
      },
      "2": {
        "type": "branch",
        "line": 4,
        "loc": {
          "start": { "line": 4, "column": 2 },
          "end": { "line": 6, "column": 3 }
        },
        "locations": [
          {
            "start": { "line": 4, "column": 2 },
            "end": { "line": 6, "column": 3 }
          }
        ]
      },
      "3": {
        "type": "branch",
        "line": 7,
        "loc": {
          "start": { "line": 7, "column": -1 },
          "end": { "line": 8, "column": 19 }
        },
        "locations": [
          {
            "start": { "line": 7, "column": -1 },
            "end": { "line": 8, "column": 19 }
          }
        ]
      }
    },
    "b": { "0": [2], "1": [2], "2": [2], "3": [2] },
    "fnMap": {
      "0": {
        "name": "_regeneratorRuntime",
        "decl": {
          "start": { "line": 2, "column": -1 },
          "end": { "line": 2, "column": 0 }
        },
        "loc": {
          "start": { "line": 2, "column": -1 },
          "end": { "line": 2, "column": 0 }
        },
        "line": 2
      },
      "1": {
        "name": "OpenAiService",
        "decl": {
          "start": { "line": 4, "column": 2 },
          "end": { "line": 6, "column": 3 }
        },
        "loc": {
          "start": { "line": 4, "column": 2 },
          "end": { "line": 6, "column": 3 }
        },
        "line": 4
      },
      "2": {
        "name": "_callee",
        "decl": {
          "start": { "line": 8, "column": 2 },
          "end": { "line": 25, "column": 39 }
        },
        "loc": {
          "start": { "line": 8, "column": 2 },
          "end": { "line": 25, "column": 39 }
        },
        "line": 8
      }
    },
    "f": { "0": 2, "1": 2, "2": 0 }
  },
  "C:\\Users\\tanil\\Documents\\Dev\\web-summary-api\\services\\scrapingService.js": {
    "path": "C:\\Users\\tanil\\Documents\\Dev\\web-summary-api\\services\\scrapingService.js",
    "all": false,
    "statementMap": {
      "0": {
        "start": { "line": 1, "column": 0 },
        "end": { "line": 1, "column": 25 }
      },
      "1": {
        "start": { "line": 2, "column": 0 },
        "end": { "line": 2, "column": 34 }
      },
      "2": {
        "start": { "line": 3, "column": 0 },
        "end": { "line": 3, "column": 0 }
      },
      "3": {
        "start": { "line": 4, "column": 0 },
        "end": { "line": 4, "column": 23 }
      },
      "4": {
        "start": { "line": 5, "column": 0 },
        "end": { "line": 5, "column": 42 }
      },
      "5": {
        "start": { "line": 6, "column": 0 },
        "end": { "line": 6, "column": 9 }
      },
      "6": {
        "start": { "line": 7, "column": 0 },
        "end": { "line": 7, "column": 43 }
      },
      "7": {
        "start": { "line": 8, "column": 0 },
        "end": { "line": 8, "column": 34 }
      },
      "8": {
        "start": { "line": 9, "column": 0 },
        "end": { "line": 9, "column": 0 }
      },
      "9": {
        "start": { "line": 10, "column": 0 },
        "end": { "line": 10, "column": 37 }
      },
      "10": {
        "start": { "line": 11, "column": 0 },
        "end": { "line": 11, "column": 25 }
      },
      "11": {
        "start": { "line": 12, "column": 0 },
        "end": { "line": 12, "column": 56 }
      },
      "12": {
        "start": { "line": 13, "column": 0 },
        "end": { "line": 13, "column": 34 }
      },
      "13": {
        "start": { "line": 14, "column": 0 },
        "end": { "line": 14, "column": 32 }
      },
      "14": {
        "start": { "line": 15, "column": 0 },
        "end": { "line": 15, "column": 37 }
      },
      "15": {
        "start": { "line": 16, "column": 0 },
        "end": { "line": 16, "column": 14 }
      },
      "16": {
        "start": { "line": 17, "column": 0 },
        "end": { "line": 17, "column": 19 }
      },
      "17": {
        "start": { "line": 18, "column": 0 },
        "end": { "line": 18, "column": 0 }
      },
      "18": {
        "start": { "line": 19, "column": 0 },
        "end": { "line": 19, "column": 48 }
      },
      "19": {
        "start": { "line": 20, "column": 0 },
        "end": { "line": 20, "column": 21 }
      },
      "20": {
        "start": { "line": 21, "column": 0 },
        "end": { "line": 21, "column": 61 }
      },
      "21": {
        "start": { "line": 22, "column": 0 },
        "end": { "line": 22, "column": 17 }
      },
      "22": {
        "start": { "line": 23, "column": 0 },
        "end": { "line": 23, "column": 5 }
      },
      "23": {
        "start": { "line": 24, "column": 0 },
        "end": { "line": 24, "column": 3 }
      },
      "24": {
        "start": { "line": 25, "column": 0 },
        "end": { "line": 25, "column": 1 }
      },
      "25": {
        "start": { "line": 26, "column": 0 },
        "end": { "line": 26, "column": 0 }
      },
      "26": {
        "start": { "line": 27, "column": 0 },
        "end": { "line": 27, "column": 30 }
      }
    },
    "s": {
      "0": 1,
      "1": 0,
      "2": 1,
      "3": 1,
      "4": 1,
      "5": 0,
      "6": 0,
      "7": 0,
      "8": 0,
      "9": 0,
      "10": 0,
      "11": 0,
      "12": 0,
      "13": 0,
      "14": 0,
      "15": 0,
      "16": 0,
      "17": 0,
      "18": 0,
      "19": 0,
      "20": 0,
      "21": 0,
      "22": 1,
      "23": 1,
      "24": 1,
      "25": 1,
      "26": 1
    },
    "branchMap": {
      "0": {
        "type": "branch",
        "line": 2,
        "loc": {
          "start": { "line": 2, "column": 0 },
          "end": { "line": 2, "column": 34 }
        },
        "locations": [
          {
            "start": { "line": 2, "column": 0 },
            "end": { "line": 2, "column": 34 }
          }
        ]
      },
      "1": {
        "type": "branch",
        "line": 2,
        "loc": {
          "start": { "line": 2, "column": 0 },
          "end": { "line": 2, "column": 34 }
        },
        "locations": [
          {
            "start": { "line": 2, "column": 0 },
            "end": { "line": 2, "column": 34 }
          }
        ]
      },
      "2": {
        "type": "branch",
        "line": 2,
        "loc": {
          "start": { "line": 2, "column": 0 },
          "end": { "line": 2, "column": 34 }
        },
        "locations": [
          {
            "start": { "line": 2, "column": 0 },
            "end": { "line": 2, "column": 34 }
          }
        ]
      },
      "3": {
        "type": "branch",
        "line": 2,
        "loc": {
          "start": { "line": 2, "column": 0 },
          "end": { "line": 2, "column": 34 }
        },
        "locations": [
          {
            "start": { "line": 2, "column": 0 },
            "end": { "line": 2, "column": 34 }
          }
        ]
      },
      "4": {
        "type": "branch",
        "line": 2,
        "loc": {
          "start": { "line": 2, "column": 0 },
          "end": { "line": 2, "column": 34 }
        },
        "locations": [
          {
            "start": { "line": 2, "column": 0 },
            "end": { "line": 2, "column": 34 }
          }
        ]
      },
      "5": {
        "type": "branch",
        "line": 2,
        "loc": {
          "start": { "line": 2, "column": 0 },
          "end": { "line": 2, "column": 34 }
        },
        "locations": [
          {
            "start": { "line": 2, "column": 0 },
            "end": { "line": 2, "column": 34 }
          }
        ]
      },
      "6": {
        "type": "branch",
        "line": 2,
        "loc": {
          "start": { "line": 2, "column": 0 },
          "end": { "line": 2, "column": 34 }
        },
        "locations": [
          {
            "start": { "line": 2, "column": 0 },
            "end": { "line": 2, "column": 34 }
          }
        ]
      },
      "7": {
        "type": "branch",
        "line": 2,
        "loc": {
          "start": { "line": 2, "column": 0 },
          "end": { "line": 2, "column": 34 }
        },
        "locations": [
          {
            "start": { "line": 2, "column": 0 },
            "end": { "line": 2, "column": 34 }
          }
        ]
      },
      "8": {
        "type": "branch",
        "line": 2,
        "loc": {
          "start": { "line": 2, "column": 0 },
          "end": { "line": 2, "column": 34 }
        },
        "locations": [
          {
            "start": { "line": 2, "column": 0 },
            "end": { "line": 2, "column": 34 }
          }
        ]
      },
      "9": {
        "type": "branch",
        "line": 2,
        "loc": {
          "start": { "line": 2, "column": 0 },
          "end": { "line": 2, "column": 34 }
        },
        "locations": [
          {
            "start": { "line": 2, "column": 0 },
            "end": { "line": 2, "column": 34 }
          }
        ]
      },
      "10": {
        "type": "branch",
        "line": 2,
        "loc": {
          "start": { "line": 2, "column": 0 },
          "end": { "line": 2, "column": 34 }
        },
        "locations": [
          {
            "start": { "line": 2, "column": 0 },
            "end": { "line": 2, "column": 34 }
          }
        ]
      },
      "11": {
        "type": "branch",
        "line": 2,
        "loc": {
          "start": { "line": 2, "column": 0 },
          "end": { "line": 2, "column": 34 }
        },
        "locations": [
          {
            "start": { "line": 2, "column": 0 },
            "end": { "line": 2, "column": 34 }
          }
        ]
      },
      "12": {
        "type": "branch",
        "line": 2,
        "loc": {
          "start": { "line": 2, "column": 0 },
          "end": { "line": 2, "column": 34 }
        },
        "locations": [
          {
            "start": { "line": 2, "column": 0 },
            "end": { "line": 2, "column": 34 }
          }
        ]
      },
      "13": {
        "type": "branch",
        "line": 2,
        "loc": {
          "start": { "line": 2, "column": 0 },
          "end": { "line": 2, "column": 34 }
        },
        "locations": [
          {
            "start": { "line": 2, "column": 0 },
            "end": { "line": 2, "column": 34 }
          }
        ]
      },
      "14": {
        "type": "branch",
        "line": 2,
        "loc": {
          "start": { "line": 2, "column": 0 },
          "end": { "line": 2, "column": 34 }
        },
        "locations": [
          {
            "start": { "line": 2, "column": 0 },
            "end": { "line": 2, "column": 34 }
          }
        ]
      },
      "15": {
        "type": "branch",
        "line": 2,
        "loc": {
          "start": { "line": 2, "column": 0 },
          "end": { "line": 2, "column": 34 }
        },
        "locations": [
          {
            "start": { "line": 2, "column": 0 },
            "end": { "line": 2, "column": 34 }
          }
        ]
      },
      "16": {
        "type": "branch",
        "line": 2,
        "loc": {
          "start": { "line": 2, "column": 0 },
          "end": { "line": 2, "column": 34 }
        },
        "locations": [
          {
            "start": { "line": 2, "column": 0 },
            "end": { "line": 2, "column": 34 }
          }
        ]
      },
      "17": {
        "type": "branch",
        "line": 2,
        "loc": {
          "start": { "line": 2, "column": 0 },
          "end": { "line": 2, "column": 34 }
        },
        "locations": [
          {
            "start": { "line": 2, "column": 0 },
            "end": { "line": 2, "column": 34 }
          }
        ]
      },
      "18": {
        "type": "branch",
        "line": 2,
        "loc": {
          "start": { "line": 2, "column": 0 },
          "end": { "line": 2, "column": 34 }
        },
        "locations": [
          {
            "start": { "line": 2, "column": 0 },
            "end": { "line": 2, "column": 34 }
          }
        ]
      },
      "19": {
        "type": "branch",
        "line": 2,
        "loc": {
          "start": { "line": 2, "column": 0 },
          "end": { "line": 2, "column": 34 }
        },
        "locations": [
          {
            "start": { "line": 2, "column": 0 },
            "end": { "line": 2, "column": 34 }
          }
        ]
      },
      "20": {
        "type": "branch",
        "line": 2,
        "loc": {
          "start": { "line": 2, "column": 0 },
          "end": { "line": 2, "column": 34 }
        },
        "locations": [
          {
            "start": { "line": 2, "column": 0 },
            "end": { "line": 2, "column": 34 }
          }
        ]
      },
      "21": {
        "type": "branch",
        "line": 2,
        "loc": {
          "start": { "line": 2, "column": 0 },
          "end": { "line": 2, "column": 34 }
        },
        "locations": [
          {
            "start": { "line": 2, "column": 0 },
            "end": { "line": 2, "column": 34 }
          }
        ]
      },
      "22": {
        "type": "branch",
        "line": 2,
        "loc": {
          "start": { "line": 2, "column": 0 },
          "end": { "line": 2, "column": 34 }
        },
        "locations": [
          {
            "start": { "line": 2, "column": 0 },
            "end": { "line": 2, "column": 34 }
          }
        ]
      },
      "23": {
        "type": "branch",
        "line": 2,
        "loc": {
          "start": { "line": 2, "column": 0 },
          "end": { "line": 2, "column": 34 }
        },
        "locations": [
          {
            "start": { "line": 2, "column": 0 },
            "end": { "line": 2, "column": 34 }
          }
        ]
      },
      "24": {
        "type": "branch",
        "line": 2,
        "loc": {
          "start": { "line": 2, "column": 0 },
          "end": { "line": 2, "column": 34 }
        },
        "locations": [
          {
            "start": { "line": 2, "column": 0 },
            "end": { "line": 2, "column": 34 }
          }
        ]
      },
      "25": {
        "type": "branch",
        "line": 4,
        "loc": {
          "start": { "line": 4, "column": 21 },
          "end": { "line": 5, "column": 36 }
        },
        "locations": [
          {
            "start": { "line": 4, "column": 21 },
            "end": { "line": 5, "column": 36 }
          }
        ]
      },
      "26": {
        "type": "branch",
        "line": 4,
        "loc": {
          "start": { "line": 4, "column": 21 },
          "end": { "line": 5, "column": 36 }
        },
        "locations": [
          {
            "start": { "line": 4, "column": 21 },
            "end": { "line": 5, "column": 36 }
          }
        ]
      }
    },
    "b": {
      "0": [0],
      "1": [0],
      "2": [0],
      "3": [0],
      "4": [0],
      "5": [0],
      "6": [26],
      "7": [4],
      "8": [12],
      "9": [2],
      "10": [0],
      "11": [0],
      "12": [0],
      "13": [2],
      "14": [0],
      "15": [2],
      "16": [2],
      "17": [2],
      "18": [0],
      "19": [2],
      "20": [0],
      "21": [2],
      "22": [0],
      "23": [0],
      "24": [0],
      "25": [2],
      "26": [2]
    },
    "fnMap": {
      "0": {
        "name": "_regeneratorRuntime",
        "decl": {
          "start": { "line": 2, "column": 0 },
          "end": { "line": 2, "column": 34 }
        },
        "loc": {
          "start": { "line": 2, "column": 0 },
          "end": { "line": 2, "column": 34 }
        },
        "line": 2
      },
      "1": {
        "name": "o",
        "decl": {
          "start": { "line": 2, "column": 0 },
          "end": { "line": 2, "column": 34 }
        },
        "loc": {
          "start": { "line": 2, "column": 0 },
          "end": { "line": 2, "column": 34 }
        },
        "line": 2
      },
      "2": {
        "name": "define",
        "decl": {
          "start": { "line": 2, "column": 0 },
          "end": { "line": 2, "column": 34 }
        },
        "loc": {
          "start": { "line": 2, "column": 0 },
          "end": { "line": 2, "column": 34 }
        },
        "line": 2
      },
      "3": {
        "name": "define",
        "decl": {
          "start": { "line": 2, "column": 0 },
          "end": { "line": 2, "column": 34 }
        },
        "loc": {
          "start": { "line": 2, "column": 0 },
          "end": { "line": 2, "column": 34 }
        },
        "line": 2
      },
      "4": {
        "name": "wrap",
        "decl": {
          "start": { "line": 2, "column": 0 },
          "end": { "line": 2, "column": 34 }
        },
        "loc": {
          "start": { "line": 2, "column": 0 },
          "end": { "line": 2, "column": 34 }
        },
        "line": 2
      },
      "5": {
        "name": "tryCatch",
        "decl": {
          "start": { "line": 2, "column": 0 },
          "end": { "line": 2, "column": 34 }
        },
        "loc": {
          "start": { "line": 2, "column": 0 },
          "end": { "line": 2, "column": 34 }
        },
        "line": 2
      },
      "6": {
        "name": "Generator",
        "decl": {
          "start": { "line": 2, "column": 0 },
          "end": { "line": 2, "column": 34 }
        },
        "loc": {
          "start": { "line": 2, "column": 0 },
          "end": { "line": 2, "column": 34 }
        },
        "line": 2
      },
      "7": {
        "name": "GeneratorFunction",
        "decl": {
          "start": { "line": 2, "column": 0 },
          "end": { "line": 2, "column": 34 }
        },
        "loc": {
          "start": { "line": 2, "column": 0 },
          "end": { "line": 2, "column": 34 }
        },
        "line": 2
      },
      "8": {
        "name": "GeneratorFunctionPrototype",
        "decl": {
          "start": { "line": 2, "column": 0 },
          "end": { "line": 2, "column": 34 }
        },
        "loc": {
          "start": { "line": 2, "column": 0 },
          "end": { "line": 2, "column": 34 }
        },
        "line": 2
      },
      "9": {
        "name": "defineIteratorMethods",
        "decl": {
          "start": { "line": 2, "column": 0 },
          "end": { "line": 2, "column": 34 }
        },
        "loc": {
          "start": { "line": 2, "column": 0 },
          "end": { "line": 2, "column": 34 }
        },
        "line": 2
      },
      "10": {
        "name": "AsyncIterator",
        "decl": {
          "start": { "line": 2, "column": 0 },
          "end": { "line": 2, "column": 34 }
        },
        "loc": {
          "start": { "line": 2, "column": 0 },
          "end": { "line": 2, "column": 34 }
        },
        "line": 2
      },
      "11": {
        "name": "makeInvokeMethod",
        "decl": {
          "start": { "line": 2, "column": 0 },
          "end": { "line": 2, "column": 34 }
        },
        "loc": {
          "start": { "line": 2, "column": 0 },
          "end": { "line": 2, "column": 34 }
        },
        "line": 2
      },
      "12": {
        "name": "maybeInvokeDelegate",
        "decl": {
          "start": { "line": 2, "column": 0 },
          "end": { "line": 2, "column": 34 }
        },
        "loc": {
          "start": { "line": 2, "column": 0 },
          "end": { "line": 2, "column": 34 }
        },
        "line": 2
      },
      "13": {
        "name": "pushTryEntry",
        "decl": {
          "start": { "line": 2, "column": 0 },
          "end": { "line": 2, "column": 34 }
        },
        "loc": {
          "start": { "line": 2, "column": 0 },
          "end": { "line": 2, "column": 34 }
        },
        "line": 2
      },
      "14": {
        "name": "resetTryEntry",
        "decl": {
          "start": { "line": 2, "column": 0 },
          "end": { "line": 2, "column": 34 }
        },
        "loc": {
          "start": { "line": 2, "column": 0 },
          "end": { "line": 2, "column": 34 }
        },
        "line": 2
      },
      "15": {
        "name": "Context",
        "decl": {
          "start": { "line": 2, "column": 0 },
          "end": { "line": 2, "column": 34 }
        },
        "loc": {
          "start": { "line": 2, "column": 0 },
          "end": { "line": 2, "column": 34 }
        },
        "line": 2
      },
      "16": {
        "name": "values",
        "decl": {
          "start": { "line": 2, "column": 0 },
          "end": { "line": 2, "column": 34 }
        },
        "loc": {
          "start": { "line": 2, "column": 0 },
          "end": { "line": 2, "column": 34 }
        },
        "line": 2
      },
      "17": {
        "name": "next",
        "decl": {
          "start": { "line": 2, "column": 0 },
          "end": { "line": 2, "column": 34 }
        },
        "loc": {
          "start": { "line": 2, "column": 0 },
          "end": { "line": 2, "column": 34 }
        },
        "line": 2
      },
      "18": {
        "name": "e.isGeneratorFunction",
        "decl": {
          "start": { "line": 2, "column": 0 },
          "end": { "line": 2, "column": 34 }
        },
        "loc": {
          "start": { "line": 2, "column": 0 },
          "end": { "line": 2, "column": 34 }
        },
        "line": 2
      },
      "19": {
        "name": "e.mark",
        "decl": {
          "start": { "line": 2, "column": 0 },
          "end": { "line": 2, "column": 34 }
        },
        "loc": {
          "start": { "line": 2, "column": 0 },
          "end": { "line": 2, "column": 34 }
        },
        "line": 2
      },
      "20": {
        "name": "e.awrap",
        "decl": {
          "start": { "line": 2, "column": 0 },
          "end": { "line": 2, "column": 34 }
        },
        "loc": {
          "start": { "line": 2, "column": 0 },
          "end": { "line": 2, "column": 34 }
        },
        "line": 2
      },
      "21": {
        "name": "e.async",
        "decl": {
          "start": { "line": 2, "column": 0 },
          "end": { "line": 2, "column": 34 }
        },
        "loc": {
          "start": { "line": 2, "column": 0 },
          "end": { "line": 2, "column": 34 }
        },
        "line": 2
      },
      "22": {
        "name": "e.keys",
        "decl": {
          "start": { "line": 2, "column": 0 },
          "end": { "line": 2, "column": 34 }
        },
        "loc": {
          "start": { "line": 2, "column": 0 },
          "end": { "line": 2, "column": 34 }
        },
        "line": 2
      },
      "23": {
        "name": "reset",
        "decl": {
          "start": { "line": 2, "column": 0 },
          "end": { "line": 2, "column": 34 }
        },
        "loc": {
          "start": { "line": 2, "column": 0 },
          "end": { "line": 2, "column": 34 }
        },
        "line": 2
      },
      "24": {
        "name": "stop",
        "decl": {
          "start": { "line": 2, "column": 0 },
          "end": { "line": 2, "column": 34 }
        },
        "loc": {
          "start": { "line": 2, "column": 0 },
          "end": { "line": 2, "column": 34 }
        },
        "line": 2
      },
      "25": {
        "name": "dispatchException",
        "decl": {
          "start": { "line": 2, "column": 0 },
          "end": { "line": 2, "column": 34 }
        },
        "loc": {
          "start": { "line": 2, "column": 0 },
          "end": { "line": 2, "column": 34 }
        },
        "line": 2
      },
      "26": {
        "name": "abrupt",
        "decl": {
          "start": { "line": 2, "column": 0 },
          "end": { "line": 2, "column": 34 }
        },
        "loc": {
          "start": { "line": 2, "column": 0 },
          "end": { "line": 2, "column": 34 }
        },
        "line": 2
      },
      "27": {
        "name": "complete",
        "decl": {
          "start": { "line": 2, "column": 0 },
          "end": { "line": 2, "column": 34 }
        },
        "loc": {
          "start": { "line": 2, "column": 0 },
          "end": { "line": 2, "column": 34 }
        },
        "line": 2
      },
      "28": {
        "name": "finish",
        "decl": {
          "start": { "line": 2, "column": 0 },
          "end": { "line": 2, "column": 34 }
        },
        "loc": {
          "start": { "line": 2, "column": 0 },
          "end": { "line": 2, "column": 34 }
        },
        "line": 2
      },
      "29": {
        "name": "_catch",
        "decl": {
          "start": { "line": 2, "column": 0 },
          "end": { "line": 2, "column": 34 }
        },
        "loc": {
          "start": { "line": 2, "column": 0 },
          "end": { "line": 2, "column": 34 }
        },
        "line": 2
      },
      "30": {
        "name": "delegateYield",
        "decl": {
          "start": { "line": 2, "column": 0 },
          "end": { "line": 2, "column": 34 }
        },
        "loc": {
          "start": { "line": 2, "column": 0 },
          "end": { "line": 2, "column": 34 }
        },
        "line": 2
      },
      "31": {
        "name": "asyncGeneratorStep",
        "decl": {
          "start": { "line": 2, "column": 0 },
          "end": { "line": 2, "column": 34 }
        },
        "loc": {
          "start": { "line": 2, "column": 0 },
          "end": { "line": 2, "column": 34 }
        },
        "line": 2
      },
      "32": {
        "name": "_asyncToGenerator",
        "decl": {
          "start": { "line": 2, "column": 0 },
          "end": { "line": 2, "column": 34 }
        },
        "loc": {
          "start": { "line": 2, "column": 0 },
          "end": { "line": 2, "column": 34 }
        },
        "line": 2
      },
      "33": {
        "name": "_classCallCheck",
        "decl": {
          "start": { "line": 2, "column": 0 },
          "end": { "line": 2, "column": 34 }
        },
        "loc": {
          "start": { "line": 2, "column": 0 },
          "end": { "line": 2, "column": 34 }
        },
        "line": 2
      },
      "34": {
        "name": "_defineProperties",
        "decl": {
          "start": { "line": 2, "column": 0 },
          "end": { "line": 2, "column": 34 }
        },
        "loc": {
          "start": { "line": 2, "column": 0 },
          "end": { "line": 2, "column": 34 }
        },
        "line": 2
      },
      "35": {
        "name": "_createClass",
        "decl": {
          "start": { "line": 2, "column": 0 },
          "end": { "line": 2, "column": 34 }
        },
        "loc": {
          "start": { "line": 2, "column": 0 },
          "end": { "line": 2, "column": 34 }
        },
        "line": 2
      },
      "36": {
        "name": "_toPropertyKey",
        "decl": {
          "start": { "line": 2, "column": 0 },
          "end": { "line": 2, "column": 34 }
        },
        "loc": {
          "start": { "line": 2, "column": 0 },
          "end": { "line": 2, "column": 34 }
        },
        "line": 2
      },
      "37": {
        "name": "_toPrimitive",
        "decl": {
          "start": { "line": 2, "column": 0 },
          "end": { "line": 2, "column": 34 }
        },
        "loc": {
          "start": { "line": 2, "column": 0 },
          "end": { "line": 2, "column": 34 }
        },
        "line": 2
      },
      "38": {
        "name": "ScrapingService",
        "decl": {
          "start": { "line": 4, "column": 21 },
          "end": { "line": 4, "column": 23 }
        },
        "loc": {
          "start": { "line": 4, "column": 21 },
          "end": { "line": 4, "column": 23 }
        },
        "line": 4
      },
      "39": {
        "name": "_callee",
        "decl": {
          "start": { "line": 5, "column": 2 },
          "end": { "line": 22, "column": 17 }
        },
        "loc": {
          "start": { "line": 5, "column": 2 },
          "end": { "line": 22, "column": 17 }
        },
        "line": 5
      }
    },
    "f": {
      "0": 0,
      "1": 0,
      "2": 26,
      "3": 0,
      "4": 0,
      "5": 0,
      "6": 0,
      "7": 0,
      "8": 0,
      "9": 4,
      "10": 0,
      "11": 0,
      "12": 0,
      "13": 0,
      "14": 0,
      "15": 0,
      "16": 2,
      "17": 0,
      "18": 0,
      "19": 2,
      "20": 0,
      "21": 0,
      "22": 0,
      "23": 0,
      "24": 0,
      "25": 0,
      "26": 0,
      "27": 0,
      "28": 0,
      "29": 0,
      "30": 0,
      "31": 0,
      "32": 2,
      "33": 0,
      "34": 2,
      "35": 2,
      "36": 2,
      "37": 2,
      "38": 0,
      "39": 0
    }
  }
}
