TN:
SF:server.js
FNF:0
FNH:0
DA:1,1
DA:2,1
DA:3,1
DA:4,1
DA:5,1
DA:6,1
DA:7,1
DA:8,1
DA:9,1
DA:10,1
DA:11,1
DA:12,1
DA:13,1
DA:14,0
DA:15,0
DA:16,0
DA:17,0
DA:18,0
DA:19,1
DA:20,1
DA:21,1
DA:22,1
DA:23,1
DA:24,1
DA:25,1
DA:26,1
DA:27,1
DA:28,1
DA:29,1
DA:30,0
DA:31,0
DA:32,0
DA:33,0
LF:33
LH:24
BRDA:13,0,0,0
BRDA:29,1,0,0
BRDA:22,2,0,1
BRF:3
BRH:1
end_of_record
TN:
SF:controllers\summaryController.js
FN:2,asyncGeneratorStep
FN:2,_asyncToGenerator
FN:9,_callee
FN:35,_callee2
FN:60,_callee3
FNF:5
FNH:1
FNDA:0,asyncGeneratorStep
FNDA:3,_asyncToGenerator
FNDA:0,_callee
FNDA:0,_callee2
FNDA:0,_callee3
DA:1,1
DA:2,0
DA:3,1
DA:4,1
DA:5,1
DA:6,1
DA:7,1
DA:8,1
DA:9,1
DA:10,0
DA:11,0
DA:12,0
DA:13,0
DA:14,0
DA:15,0
DA:16,0
DA:17,0
DA:18,0
DA:19,0
DA:20,0
DA:21,0
DA:22,0
DA:23,0
DA:24,0
DA:25,0
DA:26,0
DA:27,0
DA:28,0
DA:29,0
DA:30,0
DA:31,0
DA:32,0
DA:33,1
DA:34,1
DA:35,1
DA:36,0
DA:37,0
DA:38,0
DA:39,0
DA:40,0
DA:41,0
DA:42,0
DA:43,0
DA:44,0
DA:45,0
DA:46,0
DA:47,0
DA:48,0
DA:49,0
DA:50,0
DA:51,0
DA:52,0
DA:53,0
DA:54,0
DA:55,0
DA:56,0
DA:57,1
DA:58,1
DA:59,1
DA:60,1
DA:61,0
DA:62,0
DA:63,0
DA:64,0
DA:65,0
DA:66,0
DA:67,0
DA:68,0
DA:69,1
DA:70,1
LF:70
LH:17
BRDA:2,0,0,3
BRDA:9,1,0,1
BRDA:35,2,0,1
BRDA:60,3,0,1
BRF:4
BRH:4
end_of_record
TN:
SF:models\Summary.js
FN:14,transform
FNF:1
FNH:0
FNDA:0,transform
DA:1,1
DA:2,1
DA:3,1
DA:4,1
DA:5,1
DA:6,1
DA:7,1
DA:8,1
DA:9,1
DA:10,1
DA:11,1
DA:12,1
DA:13,1
DA:14,1
DA:15,0
DA:16,0
DA:17,0
DA:18,1
DA:19,1
DA:20,1
LF:20
LH:17
BRF:0
BRH:0
end_of_record
TN:
SF:routes\summaryRoutes.js
FNF:0
FNH:0
DA:1,1
DA:2,1
DA:3,1
DA:4,1
DA:5,1
DA:6,1
DA:7,1
DA:8,1
DA:9,1
DA:10,1
DA:11,1
DA:12,1
DA:13,1
LF:13
LH:13
BRF:0
BRH:0
end_of_record
TN:
SF:services\openAiService.js
FN:2,_regeneratorRuntime
FN:4,OpenAiService
FN:8,_callee
FNF:3
FNH:2
FNDA:1,_regeneratorRuntime
FNDA:1,OpenAiService
FNDA:0,_callee
DA:1,1
DA:2,1
DA:3,1
DA:4,1
DA:5,1
DA:6,1
DA:7,1
DA:8,1
DA:9,0
DA:10,0
DA:11,0
DA:12,0
DA:13,0
DA:14,0
DA:15,0
DA:16,0
DA:17,0
DA:18,0
DA:19,0
DA:20,0
DA:21,0
DA:22,0
DA:23,0
DA:24,0
DA:25,0
DA:26,1
DA:27,1
DA:28,1
DA:29,1
DA:30,1
LF:30
LH:13
BRDA:2,0,0,1
BRDA:3,1,0,1
BRDA:4,2,0,1
BRDA:7,3,0,1
BRF:4
BRH:4
end_of_record
TN:
SF:services\scrapingService.js
FN:2,_regeneratorRuntime
FN:2,o
FN:2,define
FN:2,define
FN:2,wrap
FN:2,tryCatch
FN:2,Generator
FN:2,GeneratorFunction
FN:2,GeneratorFunctionPrototype
FN:2,defineIteratorMethods
FN:2,AsyncIterator
FN:2,makeInvokeMethod
FN:2,maybeInvokeDelegate
FN:2,pushTryEntry
FN:2,resetTryEntry
FN:2,Context
FN:2,values
FN:2,next
FN:2,e.isGeneratorFunction
FN:2,e.mark
FN:2,e.awrap
FN:2,e.async
FN:2,e.keys
FN:2,reset
FN:2,stop
FN:2,dispatchException
FN:2,abrupt
FN:2,complete
FN:2,finish
FN:2,_catch
FN:2,delegateYield
FN:2,asyncGeneratorStep
FN:2,_asyncToGenerator
FN:2,_classCallCheck
FN:2,_defineProperties
FN:2,_createClass
FN:2,_toPropertyKey
FN:2,_toPrimitive
FN:4,ScrapingService
FN:5,_callee
FNF:40
FNH:9
FNDA:0,_regeneratorRuntime
FNDA:0,o
FNDA:13,define
FNDA:0,define
FNDA:0,wrap
FNDA:0,tryCatch
FNDA:0,Generator
FNDA:0,GeneratorFunction
FNDA:0,GeneratorFunctionPrototype
FNDA:2,defineIteratorMethods
FNDA:0,AsyncIterator
FNDA:0,makeInvokeMethod
FNDA:0,maybeInvokeDelegate
FNDA:0,pushTryEntry
FNDA:0,resetTryEntry
FNDA:0,Context
FNDA:1,values
FNDA:0,next
FNDA:0,e.isGeneratorFunction
FNDA:1,e.mark
FNDA:0,e.awrap
FNDA:0,e.async
FNDA:0,e.keys
FNDA:0,reset
FNDA:0,stop
FNDA:0,dispatchException
FNDA:0,abrupt
FNDA:0,complete
FNDA:0,finish
FNDA:0,_catch
FNDA:0,delegateYield
FNDA:0,asyncGeneratorStep
FNDA:1,_asyncToGenerator
FNDA:0,_classCallCheck
FNDA:1,_defineProperties
FNDA:1,_createClass
FNDA:1,_toPropertyKey
FNDA:1,_toPrimitive
FNDA:0,ScrapingService
FNDA:0,_callee
DA:1,1
DA:2,0
DA:3,1
DA:4,1
DA:5,1
DA:6,0
DA:7,0
DA:8,0
DA:9,0
DA:10,0
DA:11,0
DA:12,0
DA:13,0
DA:14,0
DA:15,0
DA:16,0
DA:17,0
DA:18,0
DA:19,0
DA:20,0
DA:21,0
DA:22,0
DA:23,1
DA:24,1
DA:25,1
DA:26,1
DA:27,1
LF:27
LH:9
BRDA:2,0,0,0
BRDA:2,1,0,0
BRDA:2,2,0,0
BRDA:2,3,0,0
BRDA:2,4,0,0
BRDA:2,5,0,0
BRDA:2,6,0,13
BRDA:2,7,0,2
BRDA:2,8,0,6
BRDA:2,9,0,1
BRDA:2,10,0,0
BRDA:2,11,0,0
BRDA:2,12,0,0
BRDA:2,13,0,1
BRDA:2,14,0,0
BRDA:2,15,0,1
BRDA:2,16,0,1
BRDA:2,17,0,1
BRDA:2,18,0,0
BRDA:2,19,0,1
BRDA:2,20,0,0
BRDA:2,21,0,1
BRDA:2,22,0,0
BRDA:2,23,0,0
BRDA:2,24,0,0
BRDA:4,25,0,1
BRDA:4,26,0,1
BRF:27
BRH:12
end_of_record
